# JRE version: Java(TM) SE Runtime Environment (8.0_102-b14) (build 1.8.0_102-b14)
# Java VM: Java HotSpot(TM) 64-Bit Server VM (25.102-b14 mixed mode linux-amd64 compressed oops)
Heap:
 PSYoungGen      total 36864K, used 26337K [0x00000000d6e00000, 0x00000000d9700000, 0x0000000100000000)
  eden space 31744K, 68% used [0x00000000d6e00000,0x00000000d831a4e8,0x00000000d8d00000)
  from space 5120K, 92% used [0x00000000d8d00000,0x00000000d919e100,0x00000000d9200000)
  to   space 5120K, 0% used [0x00000000d9200000,0x00000000d9200000,0x00000000d9700000)
 ParOldGen       total 84992K, used 21163K [0x0000000084a00000, 0x0000000089d00000, 0x00000000d6e00000)
  object space 84992K, 24% used [0x0000000084a00000,0x0000000085eaac40,0x0000000089d00000)
 Metaspace       used 20124K, capacity 20286K, committed 20608K, reserved 1067008K
  class space    used 2248K, capacity 2315K, committed 2432K, reserved 1048576K
GC Heap History (6 events):
Event: 3.978 GC heap before
{Heap before GC invocations=1 (full 0):
 PSYoungGen      total 36864K, used 31744K [0x00000000d6e00000, 0x00000000d9700000, 0x0000000100000000)
  eden space 31744K, 100% used [0x00000000d6e00000,0x00000000d8d00000,0x00000000d8d00000)
  from space 5120K, 0% used [0x00000000d9200000,0x00000000d9200000,0x00000000d9700000)
  to   space 5120K, 0% used [0x00000000d8d00000,0x00000000d8d00000,0x00000000d9200000)
 ParOldGen       total 84992K, used 0K [0x0000000084a00000, 0x0000000089d00000, 0x00000000d6e00000)
  object space 84992K, 0% used [0x0000000084a00000,0x0000000084a00000,0x0000000089d00000)
 Metaspace       used 14505K, capacity 14720K, committed 14976K, reserved 1062912K
  class space    used 1804K, capacity 1894K, committed 1920K, reserved 1048576K
Event: 3.986 GC heap after
Heap after GC invocations=1 (full 0):
 PSYoungGen      total 36864K, used 5116K [0x00000000d6e00000, 0x00000000d9700000, 0x0000000100000000)
  eden space 31744K, 0% used [0x00000000d6e00000,0x00000000d6e00000,0x00000000d8d00000)
  from space 5120K, 99% used [0x00000000d8d00000,0x00000000d91ff050,0x00000000d9200000)
  to   space 5120K, 0% used [0x00000000d9200000,0x00000000d9200000,0x00000000d9700000)
 ParOldGen       total 84992K, used 7697K [0x0000000084a00000, 0x0000000089d00000, 0x00000000d6e00000)
  object space 84992K, 9% used [0x0000000084a00000,0x0000000085184410,0x0000000089d00000)
 Metaspace       used 14505K, capacity 14720K, committed 14976K, reserved 1062912K
  class space    used 1804K, capacity 1894K, committed 1920K, reserved 1048576K
}
Event: 38.768 GC heap before
{Heap before GC invocations=2 (full 0):
 PSYoungGen      total 36864K, used 36860K [0x00000000d6e00000, 0x00000000d9700000, 0x0000000100000000)
  eden space 31744K, 100% used [0x00000000d6e00000,0x00000000d8d00000,0x00000000d8d00000)
  from space 5120K, 99% used [0x00000000d8d00000,0x00000000d91ff050,0x00000000d9200000)
  to   space 5120K, 0% used [0x00000000d9200000,0x00000000d9200000,0x00000000d9700000)
 ParOldGen       total 84992K, used 7697K [0x0000000084a00000, 0x0000000089d00000, 0x00000000d6e00000)
  object space 84992K, 9% used [0x0000000084a00000,0x0000000085184410,0x0000000089d00000)
 Metaspace       used 18954K, capacity 19136K, committed 19456K, reserved 1067008K
  class space    used 2219K, capacity 2278K, committed 2304K, reserved 1048576K
Event: 38.778 GC heap after
Heap after GC invocations=2 (full 0):
 PSYoungGen      total 36864K, used 4209K [0x00000000d6e00000, 0x00000000d9700000, 0x0000000100000000)
  eden space 31744K, 0% used [0x00000000d6e00000,0x00000000d6e00000,0x00000000d8d00000)
  from space 5120K, 82% used [0x00000000d9200000,0x00000000d961c5f8,0x00000000d9700000)
  to   space 5120K, 0% used [0x00000000d8d00000,0x00000000d8d00000,0x00000000d9200000)
 ParOldGen       total 84992K, used 21155K [0x0000000084a00000, 0x0000000089d00000, 0x00000000d6e00000)
  object space 84992K, 24% used [0x0000000084a00000,0x0000000085ea8c40,0x0000000089d00000)
 Metaspace       used 18954K, capacity 19136K, committed 19456K, reserved 1067008K
  class space    used 2219K, capacity 2278K, committed 2304K, reserved 1048576K
}
Event: 163.035 GC heap before
{Heap before GC invocations=3 (full 0):
 PSYoungGen      total 36864K, used 32081K [0x00000000d6e00000, 0x00000000d9700000, 0x0000000100000000)
  eden space 31744K, 87% used [0x00000000d6e00000,0x00000000d8937ea8,0x00000000d8d00000)
  from space 5120K, 82% used [0x00000000d9200000,0x00000000d961c5f8,0x00000000d9700000)
  to   space 5120K, 0% used [0x00000000d8d00000,0x00000000d8d00000,0x00000000d9200000)
 ParOldGen       total 84992K, used 21155K [0x0000000084a00000, 0x0000000089d00000, 0x00000000d6e00000)
  object space 84992K, 24% used [0x0000000084a00000,0x0000000085ea8c40,0x0000000089d00000)
 Metaspace       used 19992K, capacity 20158K, committed 20608K, reserved 1067008K
  class space    used 2244K, capacity 2315K, committed 2432K, reserved 1048576K
Event: 163.045 GC heap after
Heap after GC invocations=3 (full 0):
 PSYoungGen      total 36864K, used 4728K [0x00000000d6e00000, 0x00000000d9700000, 0x0000000100000000)
  eden space 31744K, 0% used [0x00000000d6e00000,0x00000000d6e00000,0x00000000d8d00000)
  from space 5120K, 92% used [0x00000000d8d00000,0x00000000d919e100,0x00000000d9200000)
  to   space 5120K, 0% used [0x00000000d9200000,0x00000000d9200000,0x00000000d9700000)
 ParOldGen       total 84992K, used 21163K [0x0000000084a00000, 0x0000000089d00000, 0x00000000d6e00000)
  object space 84992K, 24% used [0x0000000084a00000,0x0000000085eaac40,0x0000000089d00000)
 Metaspace       used 19992K, capacity 20158K, committed 20608K, reserved 1067008K
  class space    used 2244K, capacity 2315K, committed 2432K, reserved 1048576K
}

