# JRE version: Java(TM) SE Runtime Environment (8.0_102-b14) (build 1.8.0_102-b14)
# Java VM: Java HotSpot(TM) 64-Bit Server VM (25.102-b14 mixed mode linux-amd64 compressed oops)
Heap:
 PSYoungGen      total 36864K, used 9826K [0x00000000d6e00000, 0x00000000d9700000, 0x0000000100000000)
  eden space 31744K, 15% used [0x00000000d6e00000,0x00000000d72dfcd8,0x00000000d8d00000)
  from space 5120K, 94% used [0x00000000d9200000,0x00000000d96b8bb8,0x00000000d9700000)
  to   space 5120K, 0% used [0x00000000d8d00000,0x00000000d8d00000,0x00000000d9200000)
 ParOldGen       total 84992K, used 27228K [0x0000000084a00000, 0x0000000089d00000, 0x00000000d6e00000)
  object space 84992K, 32% used [0x0000000084a00000,0x00000000864973d0,0x0000000089d00000)
 Metaspace       used 20193K, capacity 20422K, committed 20608K, reserved 1067008K
  class space    used 2305K, capacity 2391K, committed 2432K, reserved 1048576K
GC Heap History (4 events):
Event: 6.602 GC heap before
{Heap before GC invocations=1 (full 0):
 PSYoungGen      total 36864K, used 31744K [0x00000000d6e00000, 0x00000000d9700000, 0x0000000100000000)
  eden space 31744K, 100% used [0x00000000d6e00000,0x00000000d8d00000,0x00000000d8d00000)
  from space 5120K, 0% used [0x00000000d9200000,0x00000000d9200000,0x00000000d9700000)
  to   space 5120K, 0% used [0x00000000d8d00000,0x00000000d8d00000,0x00000000d9200000)
 ParOldGen       total 84992K, used 0K [0x0000000084a00000, 0x0000000089d00000, 0x00000000d6e00000)
  object space 84992K, 0% used [0x0000000084a00000,0x0000000084a00000,0x0000000089d00000)
 Metaspace       used 17372K, capacity 17576K, committed 17792K, reserved 1064960K
  class space    used 2071K, capacity 2150K, committed 2176K, reserved 1048576K
Event: 6.610 GC heap after
Heap after GC invocations=1 (full 0):
 PSYoungGen      total 36864K, used 4396K [0x00000000d6e00000, 0x00000000d9700000, 0x0000000100000000)
  eden space 31744K, 0% used [0x00000000d6e00000,0x00000000d6e00000,0x00000000d8d00000)
  from space 5120K, 85% used [0x00000000d8d00000,0x00000000d914b168,0x00000000d9200000)
  to   space 5120K, 0% used [0x00000000d9200000,0x00000000d9200000,0x00000000d9700000)
 ParOldGen       total 84992K, used 6649K [0x0000000084a00000, 0x0000000089d00000, 0x00000000d6e00000)
  object space 84992K, 7% used [0x0000000084a00000,0x000000008507e410,0x0000000089d00000)
 Metaspace       used 17372K, capacity 17576K, committed 17792K, reserved 1064960K
  class space    used 2071K, capacity 2150K, committed 2176K, reserved 1048576K
}
Event: 109.562 GC heap before
{Heap before GC invocations=2 (full 0):
 PSYoungGen      total 36864K, used 36140K [0x00000000d6e00000, 0x00000000d9700000, 0x0000000100000000)
  eden space 31744K, 100% used [0x00000000d6e00000,0x00000000d8d00000,0x00000000d8d00000)
  from space 5120K, 85% used [0x00000000d8d00000,0x00000000d914b168,0x00000000d9200000)
  to   space 5120K, 0% used [0x00000000d9200000,0x00000000d9200000,0x00000000d9700000)
 ParOldGen       total 84992K, used 6649K [0x0000000084a00000, 0x0000000089d00000, 0x00000000d6e00000)
  object space 84992K, 7% used [0x0000000084a00000,0x000000008507e410,0x0000000089d00000)
 Metaspace       used 19245K, capacity 19400K, committed 19840K, reserved 1067008K
  class space    used 2232K, capacity 2310K, committed 2432K, reserved 1048576K
Event: 109.573 GC heap after
Heap after GC invocations=2 (full 0):
 PSYoungGen      total 36864K, used 4834K [0x00000000d6e00000, 0x00000000d9700000, 0x0000000100000000)
  eden space 31744K, 0% used [0x00000000d6e00000,0x00000000d6e00000,0x00000000d8d00000)
  from space 5120K, 94% used [0x00000000d9200000,0x00000000d96b8bb8,0x00000000d9700000)
  to   space 5120K, 0% used [0x00000000d8d00000,0x00000000d8d00000,0x00000000d9200000)
 ParOldGen       total 84992K, used 27228K [0x0000000084a00000, 0x0000000089d00000, 0x00000000d6e00000)
  object space 84992K, 32% used [0x0000000084a00000,0x00000000864973d0,0x0000000089d00000)
 Metaspace       used 19245K, capacity 19400K, committed 19840K, reserved 1067008K
  class space    used 2232K, capacity 2310K, committed 2432K, reserved 1048576K
}

